[debug] [2025-12-06T07:49:25.129Z] ----------------------------------------------------------------------
[debug] [2025-12-06T07:49:25.131Z] Command:       C:\Program Files\nodejs\node.exe C:\Users\jaykr\AppData\Roaming\npm\node_modules\firebase-tools\lib\bin\firebase.js deploy
[debug] [2025-12-06T07:49:25.132Z] CLI Version:   14.27.0
[debug] [2025-12-06T07:49:25.132Z] Platform:      win32
[debug] [2025-12-06T07:49:25.132Z] Node Version:  v22.13.0
[debug] [2025-12-06T07:49:25.132Z] Time:          Sat Dec 06 2025 13:34:25 GMT+0545 (Nepal Time)
[debug] [2025-12-06T07:49:25.132Z] ----------------------------------------------------------------------
[debug] 
[debug] [2025-12-06T07:49:25.349Z] > command requires scopes: ["email","openid","https://www.googleapis.com/auth/cloudplatformprojects.readonly","https://www.googleapis.com/auth/firebase","https://www.googleapis.com/auth/cloud-platform"]
[debug] [2025-12-06T07:49:25.349Z] > authorizing via signed-in user (jaykrish3435@gmail.com)
[debug] [2025-12-06T07:49:25.349Z] [iam] checking project jkchat3435 for permissions ["firebase.projects.get","firebasehosting.sites.update"]
[debug] [2025-12-06T07:49:25.350Z] Checked if tokens are valid: true, expires at: 1765010305761
[debug] [2025-12-06T07:49:25.351Z] Checked if tokens are valid: true, expires at: 1765010305761
[debug] [2025-12-06T07:49:25.352Z] >>> [apiv2][query] POST https://cloudresourcemanager.googleapis.com/v1/projects/jkchat3435:testIamPermissions [none]
[debug] [2025-12-06T07:49:25.352Z] >>> [apiv2][(partial)header] POST https://cloudresourcemanager.googleapis.com/v1/projects/jkchat3435:testIamPermissions x-goog-quota-user=projects/jkchat3435
[debug] [2025-12-06T07:49:25.352Z] >>> [apiv2][body] POST https://cloudresourcemanager.googleapis.com/v1/projects/jkchat3435:testIamPermissions {"permissions":["firebase.projects.get","firebasehosting.sites.update"]}
[debug] [2025-12-06T07:49:28.148Z] <<< [apiv2][status] POST https://cloudresourcemanager.googleapis.com/v1/projects/jkchat3435:testIamPermissions 200
[debug] [2025-12-06T07:49:28.149Z] <<< [apiv2][body] POST https://cloudresourcemanager.googleapis.com/v1/projects/jkchat3435:testIamPermissions {}
[debug] [2025-12-06T07:49:28.149Z] [iam] error while checking permissions, command may fail: Authorization failed. This account is missing the following required permissions on project jkchat3435:

  firebase.projects.get
  firebasehosting.sites.update
[debug] [2025-12-06T07:49:28.150Z] Checked if tokens are valid: true, expires at: 1765010305761
[debug] [2025-12-06T07:49:28.150Z] Checked if tokens are valid: true, expires at: 1765010305761
[debug] [2025-12-06T07:49:28.150Z] >>> [apiv2][query] GET https://firebase.googleapis.com/v1beta1/projects/jkchat3435 [none]
[debug] [2025-12-06T07:49:29.943Z] <<< [apiv2][status] GET https://firebase.googleapis.com/v1beta1/projects/jkchat3435 403
[debug] [2025-12-06T07:49:29.943Z] <<< [apiv2][body] GET https://firebase.googleapis.com/v1beta1/projects/jkchat3435 {"error":{"code":403,"message":"The caller does not have permission","status":"PERMISSION_DENIED"}}
[debug] [2025-12-06T07:49:29.944Z] Request to https://firebase.googleapis.com/v1beta1/projects/jkchat3435 had HTTP Error: 403, The caller does not have permission
[debug] [2025-12-06T07:49:30.230Z] FirebaseError: Request to https://firebase.googleapis.com/v1beta1/projects/jkchat3435 had HTTP Error: 403, The caller does not have permission
    at responseToError (C:\Users\jaykr\AppData\Roaming\npm\node_modules\firebase-tools\lib\responseToError.js:53:12)
    at RetryOperation._fn (C:\Users\jaykr\AppData\Roaming\npm\node_modules\firebase-tools\lib\apiv2.js:322:77)
    at process.processTicksAndRejections (node:internal/process/task_queues:105:5)
[error] 
[error] Error: Failed to get Firebase project jkchat3435. Please make sure the project exists and your account has permission to access it.
